<?xml version="1.0" encoding="UTF-8"?>
<!-- Generated by org.testng.reporters.JUnitReportReporter -->
<testsuite hostname="DESKTOP-K58MRVK" failures="0" tests="1" name="Enterprises.LoginEnterprisesTest" time="7.238" errors="0" timestamp="2025-08-08T12:59:22 IST" skipped="0">
  <testcase classname="Enterprises.LoginEnterprisesTest" name="Login" time="7.238"/>
</testsuite> <!-- Enterprises.LoginEnterprisesTest -->
