<?xml version="1.0" encoding="UTF-8"?>
<!-- Generated by org.testng.reporters.JUnitReportReporter -->
<testsuite hostname="DESKTOP-K58MRVK" failures="0" tests="1" name="Enterprises.LeavePolicyTest" time="7.746" errors="0" timestamp="2025-08-19T14:57:57 IST" skipped="0">
  <testcase classname="Enterprises.LeavePolicyTest" name="CreateLeavePolicy" time="7.746"/>
</testsuite> <!-- Enterprises.LeavePolicyTest -->
